Determining if the pthread_create exist failed with the following output:
Change Dir: /home/openair/openair-cn/BUILD/HSS/BUILD/CMakeFiles/CMakeTmp

Run Build Command:/usr/bin/make "cmTryCompileExec3711238281/fast"
/usr/bin/make -f CMakeFiles/cmTryCompileExec3711238281.dir/build.make CMakeFiles/cmTryCompileExec3711238281.dir/build
make[1]: Entering directory `/home/openair/openair-cn/BUILD/HSS/BUILD/CMakeFiles/CMakeTmp'
/usr/bin/cmake -E cmake_progress_report /home/openair/openair-cn/BUILD/HSS/BUILD/CMakeFiles/CMakeTmp/CMakeFiles 1
Building C object CMakeFiles/cmTryCompileExec3711238281.dir/CheckSymbolExists.c.o
/usr/bin/cc   -msse4.2 -std=gnu99 -Wall -Wstrict-prototypes -fno-strict-aliasing -rdynamic -funroll-loops -Wno-packed-bitfield-compat -DCMAKER    -o CMakeFiles/cmTryCompileExec3711238281.dir/CheckSymbolExists.c.o   -c /home/openair/openair-cn/BUILD/HSS/BUILD/CMakeFiles/CMakeTmp/CheckSymbolExists.c
Linking C executable cmTryCompileExec3711238281
/usr/bin/cmake -E cmake_link_script CMakeFiles/cmTryCompileExec3711238281.dir/link.txt --verbose=1
/usr/bin/cc   -msse4.2 -std=gnu99 -Wall -Wstrict-prototypes -fno-strict-aliasing -rdynamic -funroll-loops -Wno-packed-bitfield-compat -DCMAKER     CMakeFiles/cmTryCompileExec3711238281.dir/CheckSymbolExists.c.o  -o cmTryCompileExec3711238281 -rdynamic 
CMakeFiles/cmTryCompileExec3711238281.dir/CheckSymbolExists.c.o: In function `main':
CheckSymbolExists.c:(.text+0x16): undefined reference to `pthread_create'
collect2: error: ld returned 1 exit status
make[1]: *** [cmTryCompileExec3711238281] Error 1
make[1]: Leaving directory `/home/openair/openair-cn/BUILD/HSS/BUILD/CMakeFiles/CMakeTmp'
make: *** [cmTryCompileExec3711238281/fast] Error 2

File /home/openair/openair-cn/BUILD/HSS/BUILD/CMakeFiles/CMakeTmp/CheckSymbolExists.c:
/* */
#include <pthread.h>

int main(int argc, char** argv)
{
  (void)argv;
#ifndef pthread_create
  return ((int*)(&pthread_create))[argc];
#else
  (void)argc;
  return 0;
#endif
}

Determining if the function pthread_create exists in the pthreads failed with the following output:
Change Dir: /home/openair/openair-cn/BUILD/HSS/BUILD/CMakeFiles/CMakeTmp

Run Build Command:/usr/bin/make "cmTryCompileExec2290980546/fast"
/usr/bin/make -f CMakeFiles/cmTryCompileExec2290980546.dir/build.make CMakeFiles/cmTryCompileExec2290980546.dir/build
make[1]: Entering directory `/home/openair/openair-cn/BUILD/HSS/BUILD/CMakeFiles/CMakeTmp'
/usr/bin/cmake -E cmake_progress_report /home/openair/openair-cn/BUILD/HSS/BUILD/CMakeFiles/CMakeTmp/CMakeFiles 1
Building C object CMakeFiles/cmTryCompileExec2290980546.dir/CheckFunctionExists.c.o
/usr/bin/cc   -msse4.2 -std=gnu99 -Wall -Wstrict-prototypes -fno-strict-aliasing -rdynamic -funroll-loops -Wno-packed-bitfield-compat -DCMAKER -DCHECK_FUNCTION_EXISTS=pthread_create   -o CMakeFiles/cmTryCompileExec2290980546.dir/CheckFunctionExists.c.o   -c /usr/share/cmake-2.8/Modules/CheckFunctionExists.c
/usr/share/cmake-2.8/Modules/CheckFunctionExists.c:3:1: warning: function declaration isnâ€™t a prototype [-Wstrict-prototypes]
 char CHECK_FUNCTION_EXISTS();
 ^
Linking C executable cmTryCompileExec2290980546
/usr/bin/cmake -E cmake_link_script CMakeFiles/cmTryCompileExec2290980546.dir/link.txt --verbose=1
/usr/bin/cc   -msse4.2 -std=gnu99 -Wall -Wstrict-prototypes -fno-strict-aliasing -rdynamic -funroll-loops -Wno-packed-bitfield-compat -DCMAKER -DCHECK_FUNCTION_EXISTS=pthread_create    CMakeFiles/cmTryCompileExec2290980546.dir/CheckFunctionExists.c.o  -o cmTryCompileExec2290980546 -rdynamic -lpthreads 
/usr/bin/ld: cannot find -lpthreads
collect2: error: ld returned 1 exit status
make[1]: Leaving directory `/home/openair/openair-cn/BUILD/HSS/BUILD/CMakeFiles/CMakeTmp'
make[1]: *** [cmTryCompileExec2290980546] Error 1
make: *** [cmTryCompileExec2290980546/fast] Error 2


